c:\users\monster\desktop\cpp uı\cpp uı\x64\debug\vc142.pdb
c:\users\monster\desktop\cpp uı\cpp uı\x64\debug\header.obj
c:\users\monster\desktop\cpp uı\cpp uı\x64\debug\.netframework,versıon=v4.7.2.assemblyattrıbutes.obj
c:\users\monster\desktop\cpp uı\cpp uı\x64\debug\.netframework,versıon=v4.7.2.assemblyattrıbutes.asm
c:\users\monster\desktop\cpp uı\cpp uı\x64\debug\myform.obj
c:\users\monster\desktop\cpp uı\cpp uı\x64\debug\cppuı.myform.resources
c:\users\monster\desktop\cpp uı\x64\debug\cpp uı.exe
c:\users\monster\desktop\cpp uı\x64\debug\cpp uı.pdb
c:\users\monster\desktop\cpp uı\cpp uı\x64\debug\cpp uı.tlog\metagen.wrıte.1.tlog
c:\users\monster\desktop\cpp uı\cpp uı\x64\debug\cpp uı.vcxproj.generateresource.cache
c:\users\monster\desktop\cpp uı\cpp uı\x64\debug\.netframework,version=v4.7.2.assemblyattributes.obj
c:\users\monster\desktop\cpp uı\cpp uı\x64\debug\cpp uı.tlog\cl.command.1.tlog
c:\users\monster\desktop\cpp uı\cpp uı\x64\debug\cpp uı.tlog\cl.read.1.tlog
c:\users\monster\desktop\cpp uı\cpp uı\x64\debug\cpp uı.tlog\cl.write.1.tlog
c:\users\monster\desktop\cpp uı\cpp uı\x64\debug\cpp uı.tlog\cpp uı.write.1u.tlog
c:\users\monster\desktop\cpp uı\cpp uı\x64\debug\cpp uı.tlog\link.8112.delete.1.tlog
c:\users\monster\desktop\cpp uı\cpp uı\x64\debug\cpp uı.tlog\link.command.1.tlog
c:\users\monster\desktop\cpp uı\cpp uı\x64\debug\cpp uı.tlog\link.read.1.tlog
c:\users\monster\desktop\cpp uı\cpp uı\x64\debug\cpp uı.tlog\link.write.1.tlog
c:\users\monster\desktop\cpp uı\cpp uı\x64\debug\cpp uı.tlog\metagen.read.1.tlog
c:\users\monster\desktop\cpp uı\cpp uı\x64\debug\cpp uı.tlog\metagen.write.1.tlog
c:\users\monster\desktop\cpp uı\cpp uı\x64\debug\cpp uı.tlog\mscorlıb.dll.metagen
c:\users\monster\desktop\cpp uı\cpp uı\x64\debug\cpp uı.tlog\system.data.dll.metagen
c:\users\monster\desktop\cpp uı\cpp uı\x64\debug\cpp uı.tlog\system.dll.metagen
c:\users\monster\desktop\cpp uı\cpp uı\x64\debug\cpp uı.tlog\system.drawıng.dll.metagen
c:\users\monster\desktop\cpp uı\cpp uı\x64\debug\cpp uı.tlog\system.wındows.forms.dll.metagen
c:\users\monster\desktop\cpp uı\cpp uı\x64\debug\cpp uı.tlog\system.xml.dll.metagen
c:\users\monster\desktop\cpp uı\cpp uı\x64\debug\cpp uı.tlog\clr.dll.bi
c:\users\monster\desktop\cpp uı\cpp uı\x64\debug\cpp uı.tlog\cluı.dll.bi
c:\users\monster\desktop\cpp uı\cpp uı\x64\debug\cpp uı.tlog\tzres.dll.bi
