c:\users\monster\desktop\objecttrackıngproject\src\src\cpp uı\x64\debug\vc142.pdb
c:\users\monster\desktop\objecttrackıngproject\src\src\cpp uı\x64\debug\header.obj
c:\users\monster\desktop\objecttrackıngproject\src\src\cpp uı\x64\debug\myform.obj
c:\users\monster\desktop\object-trackıng-wıth-opencv\cpp uı\x64\debug\vc142.pdb
c:\users\monster\desktop\object-trackıng-wıth-opencv\cpp uı\x64\debug\myform.obj
c:\users\monster\desktop\object-trackıng-wıth-opencv\cpp uı\x64\debug\header.obj
c:\users\monster\desktop\object-trackıng-wıth-opencv\cpp uı\x64\debug\.netframework,versıon=v4.7.2.assemblyattrıbutes.obj
c:\users\monster\desktop\object-trackıng-wıth-opencv\cpp uı\x64\debug\.netframework,versıon=v4.7.2.assemblyattrıbutes.asm
c:\users\monster\desktop\objecttrackıngproject\src\src\x64\debug\object trackıng project.exe
c:\users\monster\desktop\objecttrackıngproject\src\src\x64\debug\object trackıng project.pdb
c:\users\monster\desktop\object-trackıng-wıth-opencv\x64\debug\object trackıng project.exe
c:\users\monster\desktop\object-trackıng-wıth-opencv\x64\debug\object trackıng project.pdb
c:\users\monster\desktop\objecttrackıngproject\src\src\cpp uı\x64\debug\object t.71f36a54.tlog\metagen.wrıte.1.tlog
c:\users\monster\desktop\object-trackıng-wıth-opencv\cpp uı\x64\debug\object t.71f36a54.tlog\metagen.wrıte.1.tlog
c:\users\monster\desktop\objecttrackingproject\src\src\cpp uı\x64\debug\cppui.myform.resources
c:\users\monster\desktop\object-tracking-with-opencv\cpp uı\x64\debug\cppui.myform.resources
c:\users\monster\desktop\object-tracking-with-opencv\cpp uı\x64\debug\cpp uı.vcxproj.generateresource.cache
c:\users\monster\desktop\object-tracking-with-opencv\cpp uı\x64\debug\cpp uı.vcxprojassemblyreference.cache
c:\users\monster\desktop\object-tracking-with-opencv\cpp uı\x64\debug\.netframework,version=v4.7.2.assemblyattributes.obj
c:\users\monster\desktop\object-tracking-with-opencv\cpp uı\x64\debug\header.obj
c:\users\monster\desktop\object-tracking-with-opencv\cpp uı\x64\debug\myform.obj
c:\users\monster\desktop\object-tracking-with-opencv\cpp uı\x64\debug\vc142.pdb
c:\users\monster\desktop\object-tracking-with-opencv\x64\debug\object tracking project.pdb
c:\users\monster\desktop\object-tracking-with-opencv\x64\debug\object tracking project.exe
c:\users\monster\desktop\object-tracking-with-opencv\cpp uı\x64\debug\object t.71f36a54.tlog\cl.command.1.tlog
c:\users\monster\desktop\object-tracking-with-opencv\cpp uı\x64\debug\object t.71f36a54.tlog\cl.read.1.tlog
c:\users\monster\desktop\object-tracking-with-opencv\cpp uı\x64\debug\object t.71f36a54.tlog\cl.write.1.tlog
c:\users\monster\desktop\object-tracking-with-opencv\cpp uı\x64\debug\object t.71f36a54.tlog\link.1004.delete.1.tlog
c:\users\monster\desktop\object-tracking-with-opencv\cpp uı\x64\debug\object t.71f36a54.tlog\link.10228.delete.1.tlog
c:\users\monster\desktop\object-tracking-with-opencv\cpp uı\x64\debug\object t.71f36a54.tlog\link.10528.delete.1.tlog
c:\users\monster\desktop\object-tracking-with-opencv\cpp uı\x64\debug\object t.71f36a54.tlog\link.10952.delete.1.tlog
c:\users\monster\desktop\object-tracking-with-opencv\cpp uı\x64\debug\object t.71f36a54.tlog\link.11036.delete.1.tlog
c:\users\monster\desktop\object-tracking-with-opencv\cpp uı\x64\debug\object t.71f36a54.tlog\link.11260.delete.1.tlog
c:\users\monster\desktop\object-tracking-with-opencv\cpp uı\x64\debug\object t.71f36a54.tlog\link.11404.delete.1.tlog
c:\users\monster\desktop\object-tracking-with-opencv\cpp uı\x64\debug\object t.71f36a54.tlog\link.12092.delete.1.tlog
c:\users\monster\desktop\object-tracking-with-opencv\cpp uı\x64\debug\object t.71f36a54.tlog\link.12648.delete.1.tlog
c:\users\monster\desktop\object-tracking-with-opencv\cpp uı\x64\debug\object t.71f36a54.tlog\link.13328.delete.1.tlog
c:\users\monster\desktop\object-tracking-with-opencv\cpp uı\x64\debug\object t.71f36a54.tlog\link.13400.delete.1.tlog
c:\users\monster\desktop\object-tracking-with-opencv\cpp uı\x64\debug\object t.71f36a54.tlog\link.13404.delete.1.tlog
c:\users\monster\desktop\object-tracking-with-opencv\cpp uı\x64\debug\object t.71f36a54.tlog\link.13440.delete.1.tlog
c:\users\monster\desktop\object-tracking-with-opencv\cpp uı\x64\debug\object t.71f36a54.tlog\link.13692.delete.1.tlog
c:\users\monster\desktop\object-tracking-with-opencv\cpp uı\x64\debug\object t.71f36a54.tlog\link.13808.delete.1.tlog
c:\users\monster\desktop\object-tracking-with-opencv\cpp uı\x64\debug\object t.71f36a54.tlog\link.13836.delete.1.tlog
c:\users\monster\desktop\object-tracking-with-opencv\cpp uı\x64\debug\object t.71f36a54.tlog\link.14240.delete.1.tlog
c:\users\monster\desktop\object-tracking-with-opencv\cpp uı\x64\debug\object t.71f36a54.tlog\link.14316.delete.1.tlog
c:\users\monster\desktop\object-tracking-with-opencv\cpp uı\x64\debug\object t.71f36a54.tlog\link.1748.delete.1.tlog
c:\users\monster\desktop\object-tracking-with-opencv\cpp uı\x64\debug\object t.71f36a54.tlog\link.2104.delete.1.tlog
c:\users\monster\desktop\object-tracking-with-opencv\cpp uı\x64\debug\object t.71f36a54.tlog\link.2416.delete.1.tlog
c:\users\monster\desktop\object-tracking-with-opencv\cpp uı\x64\debug\object t.71f36a54.tlog\link.2680.delete.1.tlog
c:\users\monster\desktop\object-tracking-with-opencv\cpp uı\x64\debug\object t.71f36a54.tlog\link.2740.delete.1.tlog
c:\users\monster\desktop\object-tracking-with-opencv\cpp uı\x64\debug\object t.71f36a54.tlog\link.3332.delete.1.tlog
c:\users\monster\desktop\object-tracking-with-opencv\cpp uı\x64\debug\object t.71f36a54.tlog\link.3632.delete.1.tlog
c:\users\monster\desktop\object-tracking-with-opencv\cpp uı\x64\debug\object t.71f36a54.tlog\link.3640.delete.1.tlog
c:\users\monster\desktop\object-tracking-with-opencv\cpp uı\x64\debug\object t.71f36a54.tlog\link.424.delete.1.tlog
c:\users\monster\desktop\object-tracking-with-opencv\cpp uı\x64\debug\object t.71f36a54.tlog\link.5500.delete.1.tlog
c:\users\monster\desktop\object-tracking-with-opencv\cpp uı\x64\debug\object t.71f36a54.tlog\link.5840.delete.1.tlog
c:\users\monster\desktop\object-tracking-with-opencv\cpp uı\x64\debug\object t.71f36a54.tlog\link.6344.delete.1.tlog
c:\users\monster\desktop\object-tracking-with-opencv\cpp uı\x64\debug\object t.71f36a54.tlog\link.6936.delete.1.tlog
c:\users\monster\desktop\object-tracking-with-opencv\cpp uı\x64\debug\object t.71f36a54.tlog\link.7784.delete.1.tlog
c:\users\monster\desktop\object-tracking-with-opencv\cpp uı\x64\debug\object t.71f36a54.tlog\link.7788.delete.1.tlog
c:\users\monster\desktop\object-tracking-with-opencv\cpp uı\x64\debug\object t.71f36a54.tlog\link.8248.delete.1.tlog
c:\users\monster\desktop\object-tracking-with-opencv\cpp uı\x64\debug\object t.71f36a54.tlog\link.8412.delete.1.tlog
c:\users\monster\desktop\object-tracking-with-opencv\cpp uı\x64\debug\object t.71f36a54.tlog\link.8516.delete.1.tlog
c:\users\monster\desktop\object-tracking-with-opencv\cpp uı\x64\debug\object t.71f36a54.tlog\link.8944.delete.1.tlog
c:\users\monster\desktop\object-tracking-with-opencv\cpp uı\x64\debug\object t.71f36a54.tlog\link.9000.delete.1.tlog
c:\users\monster\desktop\object-tracking-with-opencv\cpp uı\x64\debug\object t.71f36a54.tlog\link.9432.delete.1.tlog
c:\users\monster\desktop\object-tracking-with-opencv\cpp uı\x64\debug\object t.71f36a54.tlog\link.command.1.tlog
c:\users\monster\desktop\object-tracking-with-opencv\cpp uı\x64\debug\object t.71f36a54.tlog\link.read.1.tlog
c:\users\monster\desktop\object-tracking-with-opencv\cpp uı\x64\debug\object t.71f36a54.tlog\link.write.1.tlog
c:\users\monster\desktop\object-tracking-with-opencv\cpp uı\x64\debug\object t.71f36a54.tlog\metagen.read.1.tlog
c:\users\monster\desktop\object-tracking-with-opencv\cpp uı\x64\debug\object t.71f36a54.tlog\metagen.write.1.tlog
c:\users\monster\desktop\object-tracking-with-opencv\cpp uı\x64\debug\object t.71f36a54.tlog\object tracking project.write.1u.tlog
c:\users\monster\desktop\object-tracking-with-opencv\cpp uı\x64\debug\object t.71f36a54.tlog\mscorlıb.dll.metagen
c:\users\monster\desktop\object-tracking-with-opencv\cpp uı\x64\debug\object t.71f36a54.tlog\system.data.dll.metagen
c:\users\monster\desktop\object-tracking-with-opencv\cpp uı\x64\debug\object t.71f36a54.tlog\system.dll.metagen
c:\users\monster\desktop\object-tracking-with-opencv\cpp uı\x64\debug\object t.71f36a54.tlog\system.drawıng.dll.metagen
c:\users\monster\desktop\object-tracking-with-opencv\cpp uı\x64\debug\object t.71f36a54.tlog\system.wındows.forms.dll.metagen
c:\users\monster\desktop\object-tracking-with-opencv\cpp uı\x64\debug\object t.71f36a54.tlog\system.xml.dll.metagen
c:\users\monster\desktop\object-tracking-with-opencv\cpp uı\x64\debug\object t.71f36a54.tlog\clr.dll.bi
c:\users\monster\desktop\object-tracking-with-opencv\cpp uı\x64\debug\object t.71f36a54.tlog\cluı.dll.bi
c:\users\monster\desktop\object-tracking-with-opencv\cpp uı\x64\debug\object t.71f36a54.tlog\tzres.dll.bi
